Ligne 0 | Rank max : 1, Rank min : 1, 0000000000000000000000000000000000000000000000000000000000000001  {1}
Ligne 1 | Rank max : 1, Rank min : 1, 0000000000000000000000000000000000000000000000000000000000000010  {2}
Ligne 2 | Rank max : 2, Rank min : 1, 0100000000000000000000000000000000000000000000000000000000000011  {2,1}
Ligne 3 | Rank max : 1, Rank min : 1, 0000000000000000000000000000000000000000000000000000000000000100  {3}
Ligne 4 | Rank max : 2, Rank min : 1, 0100000000000000000000000000000000000000000000000000000000000101  {3,1}
Ligne 5 | Rank max : 2, Rank min : 1, 0100000000000000000000000000000000000000000000000000000000000110  {3,2}
Ligne 6 | Rank max : 2, Rank min : 1, 0100000000000000000000000000000000000000000000000000000000000111  {3,2,1}
Ligne 7 | Rank max : 1, Rank min : 1, 0000000000000000000000000000000000000000000000000000000000001000  {4}
Ligne 8 | Rank max : 2, Rank min : 1, 0100000000000000000000000000000000000000000000000000000000001001  {4,1}
Ligne 9 | Rank max : 2, Rank min : 1, 0100000000000000000000000000000000000000000000000000000000001010  {4,2}
Ligne 10 | Rank max : 2, Rank min : 1, 0100000000000000000000000000000000000000000000000000000000001011  {4,2,1}
Ligne 11 | Rank max : 2, Rank min : 1, 0100000000000000000000000000000000000000000000000000000000001100  {4,3}
Ligne 12 | Rank max : 2, Rank min : 1, 0100000000000000000000000000000000000000000000000000000000001101  {4,3,1}
Ligne 13 | Rank max : 2, Rank min : 1, 0100000000000000000000000000000000000000000000000000000000001110  {4,3,2}
Ligne 14 | Rank max : 2, Rank min : 2, 0101000000000000000000000000000000000000000000000000000000001111  {4,3,2,1}
Ligne 15 | Rank max : 1, Rank min : 1, 0000000000000000000000000000000000000000000000000000000000010000  {5}
Ligne 16 | Rank max : 2, Rank min : 2, 0101000000000000000000000000000000000000000000000000000000010001  {5,1}
Ligne 17 | Rank max : 2, Rank min : 2, 0101000000000000000000000000000000000000000000000000000000010010  {5,2}
Ligne 18 | Rank max : 3, Rank min : 2, 1001000000000000000000000000000000000000000000000000000000010011  {5,2,1}
Ligne 19 | Rank max : 2, Rank min : 2, 0101000000000000000000000000000000000000000000000000000000010100  {5,3}
Ligne 20 | Rank max : 3, Rank min : 2, 1001000000000000000000000000000000000000000000000000000000010101  {5,3,1}
Ligne 21 | Rank max : 3, Rank min : 2, 1001000000000000000000000000000000000000000000000000000000010110  {5,3,2}
Ligne 22 | Rank max : 3, Rank min : 2, 1001000000000000000000000000000000000000000000000000000000010111  {5,3,2,1}
Ligne 23 | Rank max : 2, Rank min : 2, 0101000000000000000000000000000000000000000000000000000000011000  {5,4}
Ligne 24 | Rank max : 3, Rank min : 2, 1001000000000000000000000000000000000000000000000000000000011001  {5,4,1}
Ligne 25 | Rank max : 3, Rank min : 2, 1001000000000000000000000000000000000000000000000000000000011010  {5,4,2}
Ligne 26 | Rank max : 3, Rank min : 2, 1001000000000000000000000000000000000000000000000000000000011011  {5,4,2,1}
Ligne 27 | Rank max : 3, Rank min : 2, 1001000000000000000000000000000000000000000000000000000000011100  {5,4,3}
Ligne 28 | Rank max : 3, Rank min : 2, 1001000000000000000000000000000000000000000000000000000000011101  {5,4,3,1}
Ligne 29 | Rank max : 3, Rank min : 2, 1001000000000000000000000000000000000000000000000000000000011110  {5,4,3,2}
Ligne 30 | Rank max : 3, Rank min : 3, 1010000000000000000000000000000000000000000000000000000000011111  {5,4,3,2,1}
Ligne 31 | Rank max : 1, Rank min : 1, 0000000000000000000000000000000000000000000000000000000000100000  {6}
Ligne 32 | Rank max : 2, Rank min : 2, 0101000000000000000000000000000000000000000000000000000000100001  {6,1}
Ligne 33 | Rank max : 2, Rank min : 2, 0101000000000000000000000000000000000000000000000000000000100010  {6,2}
Ligne 34 | Rank max : 3, Rank min : 2, 1001000000000000000000000000000000000000000000000000000000100011  {6,2,1}
Ligne 35 | Rank max : 2, Rank min : 2, 0101000000000000000000000000000000000000000000000000000000100100  {6,3}
Ligne 36 | Rank max : 3, Rank min : 2, 1001000000000000000000000000000000000000000000000000000000100101  {6,3,1}
Ligne 37 | Rank max : 3, Rank min : 2, 1001000000000000000000000000000000000000000000000000000000100110  {6,3,2}
Ligne 38 | Rank max : 3, Rank min : 2, 1001000000000000000000000000000000000000000000000000000000100111  {6,3,2,1}
Ligne 39 | Rank max : 2, Rank min : 2, 0101000000000000000000000000000000000000000000000000000000101000  {6,4}
Ligne 40 | Rank max : 3, Rank min : 2, 1001000000000000000000000000000000000000000000000000000000101001  {6,4,1}
Ligne 41 | Rank max : 3, Rank min : 2, 1001000000000000000000000000000000000000000000000000000000101010  {6,4,2}
Ligne 42 | Rank max : 3, Rank min : 2, 1001000000000000000000000000000000000000000000000000000000101011  {6,4,2,1}
Ligne 43 | Rank max : 3, Rank min : 2, 1001000000000000000000000000000000000000000000000000000000101100  {6,4,3}
Ligne 44 | Rank max : 3, Rank min : 2, 1001000000000000000000000000000000000000000000000000000000101101  {6,4,3,1}
Ligne 45 | Rank max : 3, Rank min : 2, 1001000000000000000000000000000000000000000000000000000000101110  {6,4,3,2}
Ligne 46 | Rank max : 3, Rank min : 3, 1010000000000000000000000000000000000000000000000000000000101111  {6,4,3,2,1}
Ligne 47 | Rank max : 2, Rank min : 2, 0101000000000000000000000000000000000000000000000000000000110000  {6,5}
Ligne 48 | Rank max : 3, Rank min : 3, 1010000000000000000000000000000000000000000000000000000000110001  {6,5,1}
Ligne 49 | Rank max : 3, Rank min : 3, 1010000000000000000000000000000000000000000000000000000000110010  {6,5,2}
Ligne 50 | Rank max : 4, Rank min : 3, 1110000000000000000000000000000000000000000000000000000000110011  {6,5,2,1}
Ligne 51 | Rank max : 3, Rank min : 3, 1010000000000000000000000000000000000000000000000000000000110100  {6,5,3}
Ligne 52 | Rank max : 4, Rank min : 3, 1110000000000000000000000000000000000000000000000000000000110101  {6,5,3,1}
Ligne 53 | Rank max : 4, Rank min : 3, 1110000000000000000000000000000000000000000000000000000000110110  {6,5,3,2}
Ligne 54 | Rank max : 4, Rank min : 3, 1110000000000000000000000000000000000000000000000000000000110111  {6,5,3,2,1}
Ligne 55 | Rank max : 3, Rank min : 3, 1010000000000000000000000000000000000000000000000000000000111000  {6,5,4}
Ligne 56 | Rank max : 4, Rank min : 3, 1110000000000000000000000000000000000000000000000000000000111001  {6,5,4,1}
Ligne 57 | Rank max : 4, Rank min : 3, 1110000000000000000000000000000000000000000000000000000000111010  {6,5,4,2}
Ligne 58 | Rank max : 4, Rank min : 3, 1110000000000000000000000000000000000000000000000000000000111011  {6,5,4,2,1}
Ligne 59 | Rank max : 4, Rank min : 3, 1110000000000000000000000000000000000000000000000000000000111100  {6,5,4,3}
Ligne 60 | Rank max : 4, Rank min : 3, 1110000000000000000000000000000000000000000000000000000000111101  {6,5,4,3,1}
Ligne 61 | Rank max : 4, Rank min : 3, 1110000000000000000000000000000000000000000000000000000000111110  {6,5,4,3,2}
Ligne 62 | Rank max : 4, Rank min : 4, 1111000000000000000000000000000000000000000000000000000000111111  {6,5,4,3,2,1}
Ligne 63 | Rank max : 1, Rank min : 1, 0000000000000000000000000000000000000000000000000000000001000000  {7}
Ligne 64 | Rank max : 2, Rank min : 2, 0101000000000000000000000000000000000000000000000000000001000001  {7,1}
Ligne 65 | Rank max : 2, Rank min : 2, 0101000000000000000000000000000000000000000000000000000001000010  {7,2}
Ligne 66 | Rank max : 3, Rank min : 2, 1001000000000000000000000000000000000000000000000000000001000011  {7,2,1}
Ligne 67 | Rank max : 2, Rank min : 2, 0101000000000000000000000000000000000000000000000000000001000100  {7,3}
Ligne 68 | Rank max : 3, Rank min : 2, 1001000000000000000000000000000000000000000000000000000001000101  {7,3,1}
Ligne 69 | Rank max : 3, Rank min : 2, 1001000000000000000000000000000000000000000000000000000001000110  {7,3,2}
Ligne 70 | Rank max : 3, Rank min : 2, 1001000000000000000000000000000000000000000000000000000001000111  {7,3,2,1}
Ligne 71 | Rank max : 2, Rank min : 2, 0101000000000000000000000000000000000000000000000000000001001000  {7,4}
Ligne 72 | Rank max : 3, Rank min : 2, 1001000000000000000000000000000000000000000000000000000001001001  {7,4,1}
Ligne 73 | Rank max : 3, Rank min : 2, 1001000000000000000000000000000000000000000000000000000001001010  {7,4,2}
Ligne 74 | Rank max : 3, Rank min : 2, 1001000000000000000000000000000000000000000000000000000001001011  {7,4,2,1}
Ligne 75 | Rank max : 3, Rank min : 2, 1001000000000000000000000000000000000000000000000000000001001100  {7,4,3}
Ligne 76 | Rank max : 3, Rank min : 2, 1001000000000000000000000000000000000000000000000000000001001101  {7,4,3,1}
Ligne 77 | Rank max : 3, Rank min : 2, 1001000000000000000000000000000000000000000000000000000001001110  {7,4,3,2}
Ligne 78 | Rank max : 3, Rank min : 3, 1010000000000000000000000000000000000000000000000000000001001111  {7,4,3,2,1}
Ligne 79 | Rank max : 2, Rank min : 1, 0100000000000000000000000000000000000000000000000000000001010000  {7,5}
Ligne 80 | Rank max : 3, Rank min : 2, 1001000000000000000000000000000000000000000000000000000001010001  {7,5,1}
Ligne 81 | Rank max : 3, Rank min : 2, 1001000000000000000000000000000000000000000000000000000001010010  {7,5,2}
Ligne 82 | Rank max : 4, Rank min : 2, 1101000000000000000000000000000000000000000000000000000001010011  {7,5,2,1}
Ligne 83 | Rank max : 3, Rank min : 2, 1001000000000000000000000000000000000000000000000000000001010100  {7,5,3}
Ligne 84 | Rank max : 4, Rank min : 2, 1101000000000000000000000000000000000000000000000000000001010101  {7,5,3,1}
Ligne 85 | Rank max : 4, Rank min : 2, 1101000000000000000000000000000000000000000000000000000001010110  {7,5,3,2}
Ligne 86 | Rank max : 4, Rank min : 2, 1101000000000000000000000000000000000000000000000000000001010111  {7,5,3,2,1}
Ligne 87 | Rank max : 3, Rank min : 2, 1001000000000000000000000000000000000000000000000000000001011000  {7,5,4}
Ligne 88 | Rank max : 4, Rank min : 2, 1101000000000000000000000000000000000000000000000000000001011001  {7,5,4,1}
Ligne 89 | Rank max : 4, Rank min : 2, 1101000000000000000000000000000000000000000000000000000001011010  {7,5,4,2}
Ligne 90 | Rank max : 4, Rank min : 2, 1101000000000000000000000000000000000000000000000000000001011011  {7,5,4,2,1}
Ligne 91 | Rank max : 4, Rank min : 2, 1101000000000000000000000000000000000000000000000000000001011100  {7,5,4,3}
Ligne 92 | Rank max : 4, Rank min : 2, 1101000000000000000000000000000000000000000000000000000001011101  {7,5,4,3,1}
Ligne 93 | Rank max : 4, Rank min : 2, 1101000000000000000000000000000000000000000000000000000001011110  {7,5,4,3,2}
Ligne 94 | Rank max : 4, Rank min : 3, 1110000000000000000000000000000000000000000000000000000001011111  {7,5,4,3,2,1}
Ligne 95 | Rank max : 2, Rank min : 1, 0100000000000000000000000000000000000000000000000000000001100000  {7,6}
Ligne 96 | Rank max : 3, Rank min : 2, 1001000000000000000000000000000000000000000000000000000001100001  {7,6,1}
Ligne 97 | Rank max : 3, Rank min : 2, 1001000000000000000000000000000000000000000000000000000001100010  {7,6,2}
Ligne 98 | Rank max : 4, Rank min : 2, 1101000000000000000000000000000000000000000000000000000001100011  {7,6,2,1}
Ligne 99 | Rank max : 3, Rank min : 2, 1001000000000000000000000000000000000000000000000000000001100100  {7,6,3}
Ligne 100 | Rank max : 4, Rank min : 2, 1101000000000000000000000000000000000000000000000000000001100101  {7,6,3,1}
Ligne 101 | Rank max : 4, Rank min : 2, 1101000000000000000000000000000000000000000000000000000001100110  {7,6,3,2}
Ligne 102 | Rank max : 4, Rank min : 2, 1101000000000000000000000000000000000000000000000000000001100111  {7,6,3,2,1}
Ligne 103 | Rank max : 3, Rank min : 2, 1001000000000000000000000000000000000000000000000000000001101000  {7,6,4}
Ligne 104 | Rank max : 4, Rank min : 2, 1101000000000000000000000000000000000000000000000000000001101001  {7,6,4,1}
Ligne 105 | Rank max : 4, Rank min : 2, 1101000000000000000000000000000000000000000000000000000001101010  {7,6,4,2}
Ligne 106 | Rank max : 4, Rank min : 2, 1101000000000000000000000000000000000000000000000000000001101011  {7,6,4,2,1}
Ligne 107 | Rank max : 4, Rank min : 2, 1101000000000000000000000000000000000000000000000000000001101100  {7,6,4,3}
Ligne 108 | Rank max : 4, Rank min : 2, 1101000000000000000000000000000000000000000000000000000001101101  {7,6,4,3,1}
Ligne 109 | Rank max : 4, Rank min : 2, 1101000000000000000000000000000000000000000000000000000001101110  {7,6,4,3,2}
Ligne 110 | Rank max : 4, Rank min : 3, 1110000000000000000000000000000000000000000000000000000001101111  {7,6,4,3,2,1}
Ligne 111 | Rank max : 2, Rank min : 2, 0101000000000000000000000000000000000000000000000000000001110000  {7,6,5}
Ligne 112 | Rank max : 3, Rank min : 3, 1010000000000000000000000000000000000000000000000000000001110001  {7,6,5,1}
Ligne 113 | Rank max : 3, Rank min : 3, 1010000000000000000000000000000000000000000000000000000001110010  {7,6,5,2}
Ligne 114 | Rank max : 4, Rank min : 3, 1110000000000000000000000000000000000000000000000000000001110011  {7,6,5,2,1}
Ligne 115 | Rank max : 3, Rank min : 3, 1010000000000000000000000000000000000000000000000000000001110100  {7,6,5,3}
Ligne 116 | Rank max : 4, Rank min : 3, 1110000000000000000000000000000000000000000000000000000001110101  {7,6,5,3,1}
Ligne 117 | Rank max : 4, Rank min : 3, 1110000000000000000000000000000000000000000000000000000001110110  {7,6,5,3,2}
Ligne 118 | Rank max : 4, Rank min : 3, 1110000000000000000000000000000000000000000000000000000001110111  {7,6,5,3,2,1}
Ligne 119 | Rank max : 3, Rank min : 3, 1010000000000000000000000000000000000000000000000000000001111000  {7,6,5,4}
Ligne 120 | Rank max : 4, Rank min : 3, 1110000000000000000000000000000000000000000000000000000001111001  {7,6,5,4,1}
Ligne 121 | Rank max : 4, Rank min : 3, 1110000000000000000000000000000000000000000000000000000001111010  {7,6,5,4,2}
Ligne 122 | Rank max : 4, Rank min : 3, 1110000000000000000000000000000000000000000000000000000001111011  {7,6,5,4,2,1}
Ligne 123 | Rank max : 4, Rank min : 3, 1110000000000000000000000000000000000000000000000000000001111100  {7,6,5,4,3}
Ligne 124 | Rank max : 4, Rank min : 3, 1110000000000000000000000000000000000000000000000000000001111101  {7,6,5,4,3,1}
Ligne 125 | Rank max : 4, Rank min : 3, 1110000000000000000000000000000000000000000000000000000001111110  {7,6,5,4,3,2}
Ligne 126 | Rank max : 4, Rank min : 4, 1111000000000000000000000000000000000000000000000000000001111111  {7,6,5,4,3,2,1}
Ligne 127 | Rank max : 1, Rank min : 1, 0000000000000000000000000000000000000000000000000000000010000000  {8}
Ligne 128 | Rank max : 2, Rank min : 2, 0101000000000000000000000000000000000000000000000000000010000001  {8,1}
Ligne 129 | Rank max : 2, Rank min : 2, 0101000000000000000000000000000000000000000000000000000010000010  {8,2}
Ligne 130 | Rank max : 3, Rank min : 2, 1001000000000000000000000000000000000000000000000000000010000011  {8,2,1}
Ligne 131 | Rank max : 2, Rank min : 2, 0101000000000000000000000000000000000000000000000000000010000100  {8,3}
Ligne 132 | Rank max : 3, Rank min : 2, 1001000000000000000000000000000000000000000000000000000010000101  {8,3,1}
Ligne 133 | Rank max : 3, Rank min : 2, 1001000000000000000000000000000000000000000000000000000010000110  {8,3,2}
Ligne 134 | Rank max : 3, Rank min : 2, 1001000000000000000000000000000000000000000000000000000010000111  {8,3,2,1}
Ligne 135 | Rank max : 2, Rank min : 2, 0101000000000000000000000000000000000000000000000000000010001000  {8,4}
Ligne 136 | Rank max : 3, Rank min : 2, 1001000000000000000000000000000000000000000000000000000010001001  {8,4,1}
Ligne 137 | Rank max : 3, Rank min : 2, 1001000000000000000000000000000000000000000000000000000010001010  {8,4,2}
Ligne 138 | Rank max : 3, Rank min : 2, 1001000000000000000000000000000000000000000000000000000010001011  {8,4,2,1}
Ligne 139 | Rank max : 3, Rank min : 2, 1001000000000000000000000000000000000000000000000000000010001100  {8,4,3}
Ligne 140 | Rank max : 3, Rank min : 2, 1001000000000000000000000000000000000000000000000000000010001101  {8,4,3,1}
Ligne 141 | Rank max : 3, Rank min : 2, 1001000000000000000000000000000000000000000000000000000010001110  {8,4,3,2}
Ligne 142 | Rank max : 3, Rank min : 3, 1010000000000000000000000000000000000000000000000000000010001111  {8,4,3,2,1}
Ligne 143 | Rank max : 2, Rank min : 1, 0100000000000000000000000000000000000000000000000000000010010000  {8,5}
Ligne 144 | Rank max : 3, Rank min : 2, 1001000000000000000000000000000000000000000000000000000010010001  {8,5,1}
Ligne 145 | Rank max : 3, Rank min : 2, 1001000000000000000000000000000000000000000000000000000010010010  {8,5,2}
Ligne 146 | Rank max : 4, Rank min : 2, 1101000000000000000000000000000000000000000000000000000010010011  {8,5,2,1}
Ligne 147 | Rank max : 3, Rank min : 2, 1001000000000000000000000000000000000000000000000000000010010100  {8,5,3}
Ligne 148 | Rank max : 4, Rank min : 2, 1101000000000000000000000000000000000000000000000000000010010101  {8,5,3,1}
Ligne 149 | Rank max : 4, Rank min : 2, 1101000000000000000000000000000000000000000000000000000010010110  {8,5,3,2}
Ligne 150 | Rank max : 4, Rank min : 2, 1101000000000000000000000000000000000000000000000000000010010111  {8,5,3,2,1}
Ligne 151 | Rank max : 3, Rank min : 2, 1001000000000000000000000000000000000000000000000000000010011000  {8,5,4}
Ligne 152 | Rank max : 4, Rank min : 2, 1101000000000000000000000000000000000000000000000000000010011001  {8,5,4,1}
Ligne 153 | Rank max : 4, Rank min : 2, 1101000000000000000000000000000000000000000000000000000010011010  {8,5,4,2}
Ligne 154 | Rank max : 4, Rank min : 2, 1101000000000000000000000000000000000000000000000000000010011011  {8,5,4,2,1}
Ligne 155 | Rank max : 4, Rank min : 2, 1101000000000000000000000000000000000000000000000000000010011100  {8,5,4,3}
Ligne 156 | Rank max : 4, Rank min : 2, 1101000000000000000000000000000000000000000000000000000010011101  {8,5,4,3,1}
Ligne 157 | Rank max : 4, Rank min : 2, 1101000000000000000000000000000000000000000000000000000010011110  {8,5,4,3,2}
Ligne 158 | Rank max : 4, Rank min : 3, 1110000000000000000000000000000000000000000000000000000010011111  {8,5,4,3,2,1}
Ligne 159 | Rank max : 2, Rank min : 1, 0100000000000000000000000000000000000000000000000000000010100000  {8,6}
Ligne 160 | Rank max : 3, Rank min : 2, 1001000000000000000000000000000000000000000000000000000010100001  {8,6,1}
Ligne 161 | Rank max : 3, Rank min : 2, 1001000000000000000000000000000000000000000000000000000010100010  {8,6,2}
Ligne 162 | Rank max : 4, Rank min : 2, 1101000000000000000000000000000000000000000000000000000010100011  {8,6,2,1}
Ligne 163 | Rank max : 3, Rank min : 2, 1001000000000000000000000000000000000000000000000000000010100100  {8,6,3}
Ligne 164 | Rank max : 4, Rank min : 2, 1101000000000000000000000000000000000000000000000000000010100101  {8,6,3,1}
Ligne 165 | Rank max : 4, Rank min : 2, 1101000000000000000000000000000000000000000000000000000010100110  {8,6,3,2}
Ligne 166 | Rank max : 4, Rank min : 2, 1101000000000000000000000000000000000000000000000000000010100111  {8,6,3,2,1}
Ligne 167 | Rank max : 3, Rank min : 2, 1001000000000000000000000000000000000000000000000000000010101000  {8,6,4}
Ligne 168 | Rank max : 4, Rank min : 2, 1101000000000000000000000000000000000000000000000000000010101001  {8,6,4,1}
Ligne 169 | Rank max : 4, Rank min : 2, 1101000000000000000000000000000000000000000000000000000010101010  {8,6,4,2}
Ligne 170 | Rank max : 4, Rank min : 2, 1101000000000000000000000000000000000000000000000000000010101011  {8,6,4,2,1}
Ligne 171 | Rank max : 4, Rank min : 2, 1101000000000000000000000000000000000000000000000000000010101100  {8,6,4,3}
Ligne 172 | Rank max : 4, Rank min : 2, 1101000000000000000000000000000000000000000000000000000010101101  {8,6,4,3,1}
Ligne 173 | Rank max : 4, Rank min : 2, 1101000000000000000000000000000000000000000000000000000010101110  {8,6,4,3,2}
Ligne 174 | Rank max : 4, Rank min : 3, 1110000000000000000000000000000000000000000000000000000010101111  {8,6,4,3,2,1}
Ligne 175 | Rank max : 2, Rank min : 2, 0101000000000000000000000000000000000000000000000000000010110000  {8,6,5}
Ligne 176 | Rank max : 3, Rank min : 3, 1010000000000000000000000000000000000000000000000000000010110001  {8,6,5,1}
Ligne 177 | Rank max : 3, Rank min : 3, 1010000000000000000000000000000000000000000000000000000010110010  {8,6,5,2}
Ligne 178 | Rank max : 4, Rank min : 3, 1110000000000000000000000000000000000000000000000000000010110011  {8,6,5,2,1}
Ligne 179 | Rank max : 3, Rank min : 3, 1010000000000000000000000000000000000000000000000000000010110100  {8,6,5,3}
Ligne 180 | Rank max : 4, Rank min : 3, 1110000000000000000000000000000000000000000000000000000010110101  {8,6,5,3,1}
Ligne 181 | Rank max : 4, Rank min : 3, 1110000000000000000000000000000000000000000000000000000010110110  {8,6,5,3,2}
Ligne 182 | Rank max : 4, Rank min : 3, 1110000000000000000000000000000000000000000000000000000010110111  {8,6,5,3,2,1}
Ligne 183 | Rank max : 3, Rank min : 3, 1010000000000000000000000000000000000000000000000000000010111000  {8,6,5,4}
Ligne 184 | Rank max : 4, Rank min : 3, 1110000000000000000000000000000000000000000000000000000010111001  {8,6,5,4,1}
Ligne 185 | Rank max : 4, Rank min : 3, 1110000000000000000000000000000000000000000000000000000010111010  {8,6,5,4,2}
Ligne 186 | Rank max : 4, Rank min : 3, 1110000000000000000000000000000000000000000000000000000010111011  {8,6,5,4,2,1}
Ligne 187 | Rank max : 4, Rank min : 3, 1110000000000000000000000000000000000000000000000000000010111100  {8,6,5,4,3}
Ligne 188 | Rank max : 4, Rank min : 3, 1110000000000000000000000000000000000000000000000000000010111101  {8,6,5,4,3,1}
Ligne 189 | Rank max : 4, Rank min : 3, 1110000000000000000000000000000000000000000000000000000010111110  {8,6,5,4,3,2}
Ligne 190 | Rank max : 4, Rank min : 4, 1111000000000000000000000000000000000000000000000000000010111111  {8,6,5,4,3,2,1}
Ligne 191 | Rank max : 2, Rank min : 1, 0100000000000000000000000000000000000000000000000000000011000000  {8,7}
Ligne 192 | Rank max : 3, Rank min : 2, 1001000000000000000000000000000000000000000000000000000011000001  {8,7,1}
Ligne 193 | Rank max : 3, Rank min : 2, 1001000000000000000000000000000000000000000000000000000011000010  {8,7,2}
Ligne 194 | Rank max : 4, Rank min : 2, 1101000000000000000000000000000000000000000000000000000011000011  {8,7,2,1}
Ligne 195 | Rank max : 3, Rank min : 2, 1001000000000000000000000000000000000000000000000000000011000100  {8,7,3}
Ligne 196 | Rank max : 4, Rank min : 2, 1101000000000000000000000000000000000000000000000000000011000101  {8,7,3,1}
Ligne 197 | Rank max : 4, Rank min : 2, 1101000000000000000000000000000000000000000000000000000011000110  {8,7,3,2}
Ligne 198 | Rank max : 4, Rank min : 2, 1101000000000000000000000000000000000000000000000000000011000111  {8,7,3,2,1}
Ligne 199 | Rank max : 3, Rank min : 2, 1001000000000000000000000000000000000000000000000000000011001000  {8,7,4}
Ligne 200 | Rank max : 4, Rank min : 2, 1101000000000000000000000000000000000000000000000000000011001001  {8,7,4,1}
Ligne 201 | Rank max : 4, Rank min : 2, 1101000000000000000000000000000000000000000000000000000011001010  {8,7,4,2}
Ligne 202 | Rank max : 4, Rank min : 2, 1101000000000000000000000000000000000000000000000000000011001011  {8,7,4,2,1}
Ligne 203 | Rank max : 4, Rank min : 2, 1101000000000000000000000000000000000000000000000000000011001100  {8,7,4,3}
Ligne 204 | Rank max : 4, Rank min : 2, 1101000000000000000000000000000000000000000000000000000011001101  {8,7,4,3,1}
Ligne 205 | Rank max : 4, Rank min : 2, 1101000000000000000000000000000000000000000000000000000011001110  {8,7,4,3,2}
Ligne 206 | Rank max : 4, Rank min : 3, 1110000000000000000000000000000000000000000000000000000011001111  {8,7,4,3,2,1}
Ligne 207 | Rank max : 2, Rank min : 1, 0100000000000000000000000000000000000000000000000000000011010000  {8,7,5}
Ligne 208 | Rank max : 3, Rank min : 2, 1001000000000000000000000000000000000000000000000000000011010001  {8,7,5,1}
Ligne 209 | Rank max : 3, Rank min : 2, 1001000000000000000000000000000000000000000000000000000011010010  {8,7,5,2}
Ligne 210 | Rank max : 4, Rank min : 2, 1101000000000000000000000000000000000000000000000000000011010011  {8,7,5,2,1}
Ligne 211 | Rank max : 3, Rank min : 2, 1001000000000000000000000000000000000000000000000000000011010100  {8,7,5,3}
Ligne 212 | Rank max : 4, Rank min : 2, 1101000000000000000000000000000000000000000000000000000011010101  {8,7,5,3,1}
Ligne 213 | Rank max : 4, Rank min : 2, 1101000000000000000000000000000000000000000000000000000011010110  {8,7,5,3,2}
Ligne 214 | Rank max : 4, Rank min : 2, 1101000000000000000000000000000000000000000000000000000011010111  {8,7,5,3,2,1}
Ligne 215 | Rank max : 3, Rank min : 2, 1001000000000000000000000000000000000000000000000000000011011000  {8,7,5,4}
Ligne 216 | Rank max : 4, Rank min : 2, 1101000000000000000000000000000000000000000000000000000011011001  {8,7,5,4,1}
Ligne 217 | Rank max : 4, Rank min : 2, 1101000000000000000000000000000000000000000000000000000011011010  {8,7,5,4,2}
Ligne 218 | Rank max : 4, Rank min : 2, 1101000000000000000000000000000000000000000000000000000011011011  {8,7,5,4,2,1}
Ligne 219 | Rank max : 4, Rank min : 2, 1101000000000000000000000000000000000000000000000000000011011100  {8,7,5,4,3}
Ligne 220 | Rank max : 4, Rank min : 2, 1101000000000000000000000000000000000000000000000000000011011101  {8,7,5,4,3,1}
Ligne 221 | Rank max : 4, Rank min : 2, 1101000000000000000000000000000000000000000000000000000011011110  {8,7,5,4,3,2}
Ligne 222 | Rank max : 4, Rank min : 3, 1110000000000000000000000000000000000000000000000000000011011111  {8,7,5,4,3,2,1}
Ligne 223 | Rank max : 2, Rank min : 1, 0100000000000000000000000000000000000000000000000000000011100000  {8,7,6}
Ligne 224 | Rank max : 3, Rank min : 2, 1001000000000000000000000000000000000000000000000000000011100001  {8,7,6,1}
Ligne 225 | Rank max : 3, Rank min : 2, 1001000000000000000000000000000000000000000000000000000011100010  {8,7,6,2}
Ligne 226 | Rank max : 4, Rank min : 2, 1101000000000000000000000000000000000000000000000000000011100011  {8,7,6,2,1}
Ligne 227 | Rank max : 3, Rank min : 2, 1001000000000000000000000000000000000000000000000000000011100100  {8,7,6,3}
Ligne 228 | Rank max : 4, Rank min : 2, 1101000000000000000000000000000000000000000000000000000011100101  {8,7,6,3,1}
Ligne 229 | Rank max : 4, Rank min : 2, 1101000000000000000000000000000000000000000000000000000011100110  {8,7,6,3,2}
Ligne 230 | Rank max : 4, Rank min : 2, 1101000000000000000000000000000000000000000000000000000011100111  {8,7,6,3,2,1}
Ligne 231 | Rank max : 3, Rank min : 2, 1001000000000000000000000000000000000000000000000000000011101000  {8,7,6,4}
Ligne 232 | Rank max : 4, Rank min : 2, 1101000000000000000000000000000000000000000000000000000011101001  {8,7,6,4,1}
Ligne 233 | Rank max : 4, Rank min : 2, 1101000000000000000000000000000000000000000000000000000011101010  {8,7,6,4,2}
Ligne 234 | Rank max : 4, Rank min : 2, 1101000000000000000000000000000000000000000000000000000011101011  {8,7,6,4,2,1}
Ligne 235 | Rank max : 4, Rank min : 2, 1101000000000000000000000000000000000000000000000000000011101100  {8,7,6,4,3}
Ligne 236 | Rank max : 4, Rank min : 2, 1101000000000000000000000000000000000000000000000000000011101101  {8,7,6,4,3,1}
Ligne 237 | Rank max : 4, Rank min : 2, 1101000000000000000000000000000000000000000000000000000011101110  {8,7,6,4,3,2}
Ligne 238 | Rank max : 4, Rank min : 3, 1110000000000000000000000000000000000000000000000000000011101111  {8,7,6,4,3,2,1}
Ligne 239 | Rank max : 2, Rank min : 2, 0101000000000000000000000000000000000000000000000000000011110000  {8,7,6,5}
Ligne 240 | Rank max : 3, Rank min : 3, 1010000000000000000000000000000000000000000000000000000011110001  {8,7,6,5,1}
Ligne 241 | Rank max : 3, Rank min : 3, 1010000000000000000000000000000000000000000000000000000011110010  {8,7,6,5,2}
Ligne 242 | Rank max : 4, Rank min : 3, 1110000000000000000000000000000000000000000000000000000011110011  {8,7,6,5,2,1}
Ligne 243 | Rank max : 3, Rank min : 3, 1010000000000000000000000000000000000000000000000000000011110100  {8,7,6,5,3}
Ligne 244 | Rank max : 4, Rank min : 3, 1110000000000000000000000000000000000000000000000000000011110101  {8,7,6,5,3,1}
Ligne 245 | Rank max : 4, Rank min : 3, 1110000000000000000000000000000000000000000000000000000011110110  {8,7,6,5,3,2}
Ligne 246 | Rank max : 4, Rank min : 3, 1110000000000000000000000000000000000000000000000000000011110111  {8,7,6,5,3,2,1}
Ligne 247 | Rank max : 3, Rank min : 3, 1010000000000000000000000000000000000000000000000000000011111000  {8,7,6,5,4}
Ligne 248 | Rank max : 4, Rank min : 3, 1110000000000000000000000000000000000000000000000000000011111001  {8,7,6,5,4,1}
Ligne 249 | Rank max : 4, Rank min : 3, 1110000000000000000000000000000000000000000000000000000011111010  {8,7,6,5,4,2}
Ligne 250 | Rank max : 4, Rank min : 3, 1110000000000000000000000000000000000000000000000000000011111011  {8,7,6,5,4,2,1}
Ligne 251 | Rank max : 4, Rank min : 3, 1110000000000000000000000000000000000000000000000000000011111100  {8,7,6,5,4,3}
Ligne 252 | Rank max : 4, Rank min : 3, 1110000000000000000000000000000000000000000000000000000011111101  {8,7,6,5,4,3,1}
Ligne 253 | Rank max : 4, Rank min : 3, 1110000000000000000000000000000000000000000000000000000011111110  {8,7,6,5,4,3,2}
Ligne 254 | Rank max : 4, Rank min : 4, 1111000000000000000000000000000000000000000000000000000011111111  {8,7,6,5,4,3,2,1}
Ligne 255 | Rank max : 1, Rank min : 1, 0000000000000000000000000000000000000000000000000000000100000000  {9}
