Ligne 0 | Rank max : 1, Rank min : 1, 0000000000000000000000000000000000000000000000000000000000000001  {1}
Ligne 1 | Rank max : 1, Rank min : 1, 0000000000000000000000000000000000000000000000000000000000000010  {2}
Ligne 2 | Rank max : 2, Rank min : 1, 0100000000000000000000000000000000000000000000000000000000000011  {2,1}
Ligne 3 | Rank max : 1, Rank min : 1, 0000000000000000000000000000000000000000000000000000000000000100  {3}
Ligne 4 | Rank max : 2, Rank min : 1, 0100000000000000000000000000000000000000000000000000000000000101  {3,1}
Ligne 5 | Rank max : 2, Rank min : 1, 0100000000000000000000000000000000000000000000000000000000000110  {3,2}
Ligne 6 | Rank max : 2, Rank min : 2, 0101000000000000000000000000000000000000000000000000000000000111  {3,2,1}
Ligne 7 | Rank max : 1, Rank min : 1, 0000000000000000000000000000000000000000000000000000000000001000  {4}
Ligne 8 | Rank max : 2, Rank min : 2, 0101000000000000000000000000000000000000000000000000000000001001  {4,1}
Ligne 9 | Rank max : 2, Rank min : 2, 0101000000000000000000000000000000000000000000000000000000001010  {4,2}
Ligne 10 | Rank max : 3, Rank min : 2, 1001000000000000000000000000000000000000000000000000000000001011  {4,2,1}
Ligne 11 | Rank max : 2, Rank min : 2, 0101000000000000000000000000000000000000000000000000000000001100  {4,3}
Ligne 12 | Rank max : 3, Rank min : 2, 1001000000000000000000000000000000000000000000000000000000001101  {4,3,1}
Ligne 13 | Rank max : 3, Rank min : 2, 1001000000000000000000000000000000000000000000000000000000001110  {4,3,2}
Ligne 14 | Rank max : 3, Rank min : 3, 1010000000000000000000000000000000000000000000000000000000001111  {4,3,2,1}
Ligne 15 | Rank max : 1, Rank min : 1, 0000000000000000000000000000000000000000000000000000000000010000  {5}
Ligne 16 | Rank max : 2, Rank min : 1, 0100000000000000000000000000000000000000000000000000000000010001  {5,1}
Ligne 17 | Rank max : 2, Rank min : 1, 0100000000000000000000000000000000000000000000000000000000010010  {5,2}
Ligne 18 | Rank max : 3, Rank min : 2, 1001000000000000000000000000000000000000000000000000000000010011  {5,2,1}
Ligne 19 | Rank max : 2, Rank min : 1, 0100000000000000000000000000000000000000000000000000000000010100  {5,3}
Ligne 20 | Rank max : 3, Rank min : 1, 1000000000000000000000000000000000000000000000000000000000010101  {5,3,1}
Ligne 21 | Rank max : 3, Rank min : 1, 1000000000000000000000000000000000000000000000000000000000010110  {5,3,2}
Ligne 22 | Rank max : 3, Rank min : 2, 1001000000000000000000000000000000000000000000000000000000010111  {5,3,2,1}
Ligne 23 | Rank max : 2, Rank min : 1, 0100000000000000000000000000000000000000000000000000000000011000  {5,4}
Ligne 24 | Rank max : 3, Rank min : 2, 1001000000000000000000000000000000000000000000000000000000011001  {5,4,1}
Ligne 25 | Rank max : 3, Rank min : 2, 1001000000000000000000000000000000000000000000000000000000011010  {5,4,2}
Ligne 26 | Rank max : 3, Rank min : 2, 1001000000000000000000000000000000000000000000000000000000011011  {5,4,2,1}
Ligne 27 | Rank max : 2, Rank min : 2, 0101000000000000000000000000000000000000000000000000000000011100  {5,4,3}
Ligne 28 | Rank max : 3, Rank min : 2, 1001000000000000000000000000000000000000000000000000000000011101  {5,4,3,1}
Ligne 29 | Rank max : 3, Rank min : 2, 1001000000000000000000000000000000000000000000000000000000011110  {5,4,3,2}
Ligne 30 | Rank max : 3, Rank min : 3, 1010000000000000000000000000000000000000000000000000000000011111  {5,4,3,2,1}
Ligne 31 | Rank max : 1, Rank min : 1, 0000000000000000000000000000000000000000000000000000000000100000  {6}
Ligne 32 | Rank max : 2, Rank min : 1, 0100000000000000000000000000000000000000000000000000000000100001  {6,1}
Ligne 33 | Rank max : 2, Rank min : 1, 0100000000000000000000000000000000000000000000000000000000100010  {6,2}
Ligne 34 | Rank max : 3, Rank min : 1, 1000000000000000000000000000000000000000000000000000000000100011  {6,2,1}
Ligne 35 | Rank max : 2, Rank min : 1, 0100000000000000000000000000000000000000000000000000000000100100  {6,3}
Ligne 36 | Rank max : 3, Rank min : 1, 1000000000000000000000000000000000000000000000000000000000100101  {6,3,1}
Ligne 37 | Rank max : 3, Rank min : 2, 1001000000000000000000000000000000000000000000000000000000100110  {6,3,2}
Ligne 38 | Rank max : 3, Rank min : 2, 1001000000000000000000000000000000000000000000000000000000100111  {6,3,2,1}
Ligne 39 | Rank max : 2, Rank min : 1, 0100000000000000000000000000000000000000000000000000000000101000  {6,4}
Ligne 40 | Rank max : 2, Rank min : 2, 0101000000000000000000000000000000000000000000000000000000101001  {6,4,1}
Ligne 41 | Rank max : 3, Rank min : 2, 1001000000000000000000000000000000000000000000000000000000101010  {6,4,2}
Ligne 42 | Rank max : 3, Rank min : 2, 1001000000000000000000000000000000000000000000000000000000101011  {6,4,2,1}
Ligne 43 | Rank max : 3, Rank min : 2, 1001000000000000000000000000000000000000000000000000000000101100  {6,4,3}
Ligne 44 | Rank max : 3, Rank min : 2, 1001000000000000000000000000000000000000000000000000000000101101  {6,4,3,1}
Ligne 45 | Rank max : 3, Rank min : 2, 1001000000000000000000000000000000000000000000000000000000101110  {6,4,3,2}
Ligne 46 | Rank max : 3, Rank min : 3, 1010000000000000000000000000000000000000000000000000000000101111  {6,4,3,2,1}
Ligne 47 | Rank max : 2, Rank min : 1, 0100000000000000000000000000000000000000000000000000000000110000  {6,5}
Ligne 48 | Rank max : 3, Rank min : 1, 1000000000000000000000000000000000000000000000000000000000110001  {6,5,1}
Ligne 49 | Rank max : 2, Rank min : 2, 0101000000000000000000000000000000000000000000000000000000110010  {6,5,2}
Ligne 50 | Rank max : 3, Rank min : 2, 1001000000000000000000000000000000000000000000000000000000110011  {6,5,2,1}
Ligne 51 | Rank max : 3, Rank min : 1, 1000000000000000000000000000000000000000000000000000000000110100  {6,5,3}
Ligne 52 | Rank max : 3, Rank min : 1, 1000000000000000000000000000000000000000000000000000000000110101  {6,5,3,1}
Ligne 53 | Rank max : 3, Rank min : 2, 1001000000000000000000000000000000000000000000000000000000110110  {6,5,3,2}
Ligne 54 | Rank max : 3, Rank min : 2, 1001000000000000000000000000000000000000000000000000000000110111  {6,5,3,2,1}
Ligne 55 | Rank max : 3, Rank min : 1, 1000000000000000000000000000000000000000000000000000000000111000  {6,5,4}
Ligne 56 | Rank max : 3, Rank min : 2, 1001000000000000000000000000000000000000000000000000000000111001  {6,5,4,1}
Ligne 57 | Rank max : 3, Rank min : 2, 1001000000000000000000000000000000000000000000000000000000111010  {6,5,4,2}
Ligne 58 | Rank max : 3, Rank min : 2, 1001000000000000000000000000000000000000000000000000000000111011  {6,5,4,2,1}
Ligne 59 | Rank max : 3, Rank min : 2, 1001000000000000000000000000000000000000000000000000000000111100  {6,5,4,3}
Ligne 60 | Rank max : 3, Rank min : 2, 1001000000000000000000000000000000000000000000000000000000111101  {6,5,4,3,1}
Ligne 61 | Rank max : 3, Rank min : 2, 1001000000000000000000000000000000000000000000000000000000111110  {6,5,4,3,2}
Ligne 62 | Rank max : 3, Rank min : 3, 1010000000000000000000000000000000000000000000000000000000111111  {6,5,4,3,2,1}
Ligne 63 | Rank max : 1, Rank min : 1, 0000000000000000000000000000000000000000000000000000000001000000  {7}
